[2026-06-22 22:55:21] [INFO] SERVIDOR ACTIVO -> Puerto: 3000
[2026-06-22 22:55:21] [INFO] BASE DE DATOS -> juego_40
[2026-06-22 22:55:21] [INFO] [UDP Monitor] Monitor iniciado
[2026-06-22 22:55:21] [INFO] [UDP Monitor] Servidor UDP activo en 127.0.0.1:54322
[2026-06-22 22:55:22] [INFO] [DB] Conexion a MySQL exitosa.
[2026-06-22 22:58:29] [INFO] SERVIDOR ACTIVO -> Puerto: 3000
[2026-06-22 22:58:29] [INFO] BASE DE DATOS -> juego_40
[2026-06-22 22:58:29] [INFO] [UDP Monitor] Monitor iniciado
[2026-06-22 22:58:29] [INFO] [UDP Monitor] Servidor UDP activo en 127.0.0.1:54322
[2026-06-22 22:58:29] [INFO] [DB] Conexion a MySQL exitosa.
[2026-06-22 23:38:02] [INFO] SERVIDOR ACTIVO -> Puerto: 3000
[2026-06-22 23:38:02] [INFO] BASE DE DATOS -> juego_40
[2026-06-22 23:38:02] [INFO] [UDP Monitor] Monitor iniciado
[2026-06-22 23:38:02] [INFO] [UDP Monitor] Servidor UDP activo en 127.0.0.1:54322
[2026-06-22 23:38:02] [INFO] [DB] Conexion a MySQL exitosa.
[2026-06-22 23:38:07] [INFO] Cliente conectado via WebSocket: kx83s9c4AopJmI2sAAAB
[2026-06-22 23:38:12] [INFO] Cliente desconectado: kx83s9c4AopJmI2sAAAB
[2026-06-22 23:38:12] [INFO] Cliente conectado via WebSocket: KOljpdWUJgcEs2eLAAAD
[2026-06-22 23:43:55] [INFO] Cliente desconectado: KOljpdWUJgcEs2eLAAAD
[2026-06-22 23:43:55] [INFO] Cliente conectado via WebSocket: seHZWv5iCQhSQthsAAAF
[2026-06-22 23:44:09] [INFO] Cliente desconectado: seHZWv5iCQhSQthsAAAF
[2026-06-22 23:44:09] [INFO] Cliente conectado via WebSocket: aPQLjha8YLk4pNftAAAH
[2026-06-22 23:49:12] [INFO] Cliente desconectado: aPQLjha8YLk4pNftAAAH
[2026-06-22 23:49:12] [INFO] Cliente conectado via WebSocket: U9_ASxbn57I7mStxAAAJ
[2026-06-22 23:49:21] [INFO] Cliente desconectado: U9_ASxbn57I7mStxAAAJ
[2026-06-22 23:49:21] [INFO] Cliente conectado via WebSocket: h7fjUKdbNavRLB4kAAAL
[2026-06-22 23:56:43] [INFO] Cliente desconectado: h7fjUKdbNavRLB4kAAAL
[2026-06-22 23:56:43] [INFO] Cliente conectado via WebSocket: PDEO1nyQI7bPRcsfAAAN
